Using pre-set license
Built from '2022.1/staging' branch; Version is '2022.1.20f1 (01d83b40d570) revision 120891'; Using compiler version '192829333'; Build Type 'Release'
OS: 'Windows 10  (10.0.19045) 64bit Core' Language: 'en' Physical Memory: 16228 MB
BatchMode: 1, IsHumanControllingUs: 0, StartBugReporterOnCrash: 0, Is64bit: 1, IsPro: 1

COMMAND LINE ARGUMENTS:
D:\2022.1.20f1\Editor\Unity.exe
-adb2
-batchMode
-noUpm
-name
AssetImportWorker1
-projectPath
D:/GameDesignProject2/GameDesignProject2
-logFile
Logs/AssetImportWorker1.log
-srvPort
61976
Successfully changed project path to: D:/GameDesignProject2/GameDesignProject2
D:/GameDesignProject2/GameDesignProject2
[UnityMemory] Configuration Parameters - Can be set up in boot.config
    "memorysetup-bucket-allocator-granularity=16"
    "memorysetup-bucket-allocator-bucket-count=8"
    "memorysetup-bucket-allocator-block-size=33554432"
    "memorysetup-bucket-allocator-block-count=8"
    "memorysetup-main-allocator-block-size=16777216"
    "memorysetup-thread-allocator-block-size=16777216"
    "memorysetup-gfx-main-allocator-block-size=16777216"
    "memorysetup-gfx-thread-allocator-block-size=16777216"
    "memorysetup-cache-allocator-block-size=4194304"
    "memorysetup-typetree-allocator-block-size=2097152"
    "memorysetup-profiler-bucket-allocator-granularity=16"
    "memorysetup-profiler-bucket-allocator-bucket-count=8"
    "memorysetup-profiler-bucket-allocator-block-size=33554432"
    "memorysetup-profiler-bucket-allocator-block-count=8"
    "memorysetup-profiler-allocator-block-size=16777216"
    "memorysetup-profiler-editor-allocator-block-size=1048576"
    "memorysetup-temp-allocator-size-main=16777216"
    "memorysetup-job-temp-allocator-block-size=2097152"
    "memorysetup-job-temp-allocator-block-size-background=1048576"
    "memorysetup-job-temp-allocator-reduction-small-platforms=262144"
    "memorysetup-temp-allocator-size-background-worker=32768"
    "memorysetup-temp-allocator-size-job-worker=262144"
    "memorysetup-temp-allocator-size-preload-manager=33554432"
    "memorysetup-temp-allocator-size-nav-mesh-worker=65536"
    "memorysetup-temp-allocator-size-audio-worker=65536"
    "memorysetup-temp-allocator-size-cloud-worker=32768"
    "memorysetup-temp-allocator-size-gi-baking-worker=262144"
    "memorysetup-temp-allocator-size-gfx=262144"
Refreshing native plugins compatible for Editor in 96.95 ms, found 3 plugins.
Preloading 0 native plugins for Editor in 0.00 ms.
Initialize engine version: 2022.1.20f1 (01d83b40d570)
[Subsystems] Discovering subsystems at path D:/2022.1.20f1/Editor/Data/Resources/UnitySubsystems
[Subsystems] Discovering subsystems at path D:/GameDesignProject2/GameDesignProject2/Assets
GfxDevice: creating device client; threaded=0; jobified=0
Direct3D:
    Version:  Direct3D 11.0 [level 11.1]
    Renderer: NVIDIA GeForce GTX 1060 3GB (ID=0x1c02)
    Vendor:   NVIDIA
    VRAM:     2979 MB
    Driver:   31.0.15.3118
Initialize mono
Mono path[0] = 'D:/2022.1.20f1/Editor/Data/Managed'
Mono path[1] = 'D:/2022.1.20f1/Editor/Data/MonoBleedingEdge/lib/mono/unityjit-win32'
Mono config path = 'D:/2022.1.20f1/Editor/Data/MonoBleedingEdge/etc'
Using monoOptions --debugger-agent=transport=dt_socket,embedding=1,server=y,suspend=n,address=127.0.0.1:56372
Begin MonoManager ReloadAssembly
Registering precompiled unity dll's ...
Register platform support module: D:/2022.1.20f1/Editor/Data/PlaybackEngines/WindowsStandaloneSupport/UnityEditor.WindowsStandalone.Extensions.dll
Registered in 0.002154 seconds.
Native extension for WindowsStandalone target not found
Refreshing native plugins compatible for Editor in 95.54 ms, found 3 plugins.
Preloading 0 native plugins for Editor in 0.00 ms.
Mono: successfully reloaded assembly
- Completed reload, in  0.787 seconds
Domain Reload Profiling:
	ReloadAssembly (787ms)
		BeginReloadAssembly (112ms)
			ExecutionOrderSort (0ms)
			DisableScriptedObjects (0ms)
			BackupInstance (0ms)
			ReleaseScriptingObjects (0ms)
			CreateAndSetChildDomain (1ms)
		EndReloadAssembly (563ms)
			LoadAssemblies (111ms)
			RebuildTransferFunctionScriptingTraits (0ms)
			SetupTypeCache (131ms)
				TypeCache.Initialize (130ms)
					TypeCache.ScanAssembly (129ms)
				ResolveRequiredComponents (0ms)
			ReleaseScriptCaches (0ms)
			RebuildScriptCaches (37ms)
			SetupLoadedEditorAssemblies (331ms)
				LogAssemblyErrors (0ms)
				InitializePlatformSupportModulesInManaged (7ms)
				SetLoadedEditorAssemblies (7ms)
				RefreshPlugins (96ms)
				BeforeProcessingInitializeOnLoad (2ms)
				ProcessInitializeOnLoadAttributes (172ms)
				ProcessInitializeOnLoadMethodAttributes (47ms)
				AfterProcessingInitializeOnLoad (0ms)
				EditorAssembliesLoaded (0ms)
			ExecutionOrderSort2 (0ms)
			AwakeInstancesAfterBackupRestoration (0ms)
Platform modules already initialized, skipping
Registering precompiled user dll's ...
Registered in 0.006053 seconds.
Begin MonoManager ReloadAssembly
Symbol file LoadedFromMemory doesn't match image D:\GameDesignProject2\GameDesignProject2\Library\PackageCache\com.unity.visualscripting@1.7.8\Editor\VisualScripting.Core\Dependencies\YamlDotNet\Unity.VisualScripting.YamlDotNet.dll
Symbol file LoadedFromMemory doesn't match image D:\GameDesignProject2\GameDesignProject2\Library\PackageCache\com.unity.visualscripting@1.7.8\Editor\VisualScripting.Core\Dependencies\DotNetZip\Unity.VisualScripting.IonicZip.dll
Native extension for WindowsStandalone target not found
Refreshing native plugins compatible for Editor in 0.52 ms, found 3 plugins.
Preloading 0 native plugins for Editor in 0.00 ms.
Mono: successfully reloaded assembly
- Completed reload, in  1.140 seconds
Domain Reload Profiling:
	ReloadAssembly (1141ms)
		BeginReloadAssembly (145ms)
			ExecutionOrderSort (0ms)
			DisableScriptedObjects (6ms)
			BackupInstance (0ms)
			ReleaseScriptingObjects (0ms)
			CreateAndSetChildDomain (21ms)
		EndReloadAssembly (891ms)
			LoadAssemblies (120ms)
			RebuildTransferFunctionScriptingTraits (0ms)
			SetupTypeCache (306ms)
				TypeCache.Initialize (301ms)
					TypeCache.ScanAssembly (297ms)
				ResolveRequiredComponents (5ms)
			ReleaseScriptCaches (1ms)
			RebuildScriptCaches (55ms)
			SetupLoadedEditorAssemblies (395ms)
				LogAssemblyErrors (0ms)
				InitializePlatformSupportModulesInManaged (4ms)
				SetLoadedEditorAssemblies (6ms)
				RefreshPlugins (1ms)
				BeforeProcessingInitializeOnLoad (77ms)
				ProcessInitializeOnLoadAttributes (268ms)
				ProcessInitializeOnLoadMethodAttributes (37ms)
				AfterProcessingInitializeOnLoad (2ms)
				EditorAssembliesLoaded (0ms)
			ExecutionOrderSort2 (0ms)
			AwakeInstancesAfterBackupRestoration (6ms)
Platform modules already initialized, skipping
========================================================================
Worker process is ready to serve import requests
Launched and connected shader compiler UnityShaderCompiler.exe after 0.05 seconds
Refreshing native plugins compatible for Editor in 0.87 ms, found 3 plugins.
Preloading 0 native plugins for Editor in 0.00 ms.
Unloading 3424 Unused Serialized files (Serialized files now loaded: 0)
Unloading 26 unused Assets / (58.9 KB). Loaded Objects now: 3901.
Memory consumption went from 0.53 GB to 0.53 GB.
Total: 4.014600 ms (FindLiveObjects: 0.352000 ms CreateObjectMapping: 0.316100 ms MarkObjects: 3.245400 ms  DeleteObjects: 0.100300 ms)

AssetImportParameters requested are different than current active one (requested -> active):
  custom:video-decoder-ogg-theora: a1e56fd34408186e4bbccfd4996cb3dc -> 
  custom:container-muxer-webm: aa71ff27fc2769a1b78a27578f13a17b -> 
  custom:container-demuxer-webm: 4f35f7cbe854078d1ac9338744f61a02 -> 
  custom:video-encoder-webm-vp8: eb34c28f22e8b96e1ab97ce403110664 -> 
  custom:audio-encoder-webm-vorbis: bf7c407c2cedff20999df2af8eb42d56 -> 
  custom:framework-win-MediaFoundation: 216162199b28c13a410421893ffa2e32 -> 
  custom:container-demuxer-ogg: 62fdf1f143b41e24485cea50d1cbac27 -> 
  custom:video-decoder-webm-vp8: 9c59270c3fd7afecdb556c50c9e8de78 -> 
  custom:audio-decoder-ogg-vorbis: bf7c407c2cedff20999df2af8eb42d56 -> 
========================================================================
Received Import Request.
  Time since last request: 297167.964196 seconds.
  path: Assets/Level2Assets/_DesertKits64_Sample/Prefabs/ColumnSquare_Medium.prefab
  artifactKey: Guid(a0304cd1c89ed5f47b1c609d88092942) Importer(815301076,1909f56bfc062723c751e8b465ee728b)
Start importing Assets/Level2Assets/_DesertKits64_Sample/Prefabs/ColumnSquare_Medium.prefab using Guid(a0304cd1c89ed5f47b1c609d88092942) Importer(815301076,1909f56bfc062723c751e8b465ee728b)  -> (artifact id: 'a2e0facc06bc6648979cce6bf940c131') in 0.128157 seconds 
========================================================================
Received Import Request.
  Time since last request: 0.000023 seconds.
  path: Assets/Level2Assets/_DesertKits64_Sample/Prefabs/Ram_Sharp.prefab
  artifactKey: Guid(f159a1b75fe800545869a115d68acdcd) Importer(815301076,1909f56bfc062723c751e8b465ee728b)
Start importing Assets/Level2Assets/_DesertKits64_Sample/Prefabs/Ram_Sharp.prefab using Guid(f159a1b75fe800545869a115d68acdcd) Importer(815301076,1909f56bfc062723c751e8b465ee728b)  -> (artifact id: 'dc41dc1b330962cf8a82e6822ff57a92') in 0.016795 seconds 
========================================================================
Received Import Request.
  Time since last request: 0.000033 seconds.
  path: Assets/Level2Assets/_DesertKits64_Sample/Prefabs/Desert_Column_TopRuined.prefab
  artifactKey: Guid(d6238962ede8add4b877e688a0620c24) Importer(815301076,1909f56bfc062723c751e8b465ee728b)
Start importing Assets/Level2Assets/_DesertKits64_Sample/Prefabs/Desert_Column_TopRuined.prefab using Guid(d6238962ede8add4b877e688a0620c24) Importer(815301076,1909f56bfc062723c751e8b465ee728b)  -> (artifact id: '0506680869070cafafa16add10cd5b47') in 0.015867 seconds 
========================================================================
Received Import Request.
  Time since last request: 0.000020 seconds.
  path: Assets/Level2Assets/_DesertKits64_Sample/Prefabs/Path_End.prefab
  artifactKey: Guid(9cb1558577980be4280eaf6fc9c9f3bf) Importer(815301076,1909f56bfc062723c751e8b465ee728b)
Start importing Assets/Level2Assets/_DesertKits64_Sample/Prefabs/Path_End.prefab using Guid(9cb1558577980be4280eaf6fc9c9f3bf) Importer(815301076,1909f56bfc062723c751e8b465ee728b)  -> (artifact id: 'c681725d88242be0c4b12a41ebcd4e31') in 0.014438 seconds 
========================================================================
Received Import Request.
  Time since last request: 0.000021 seconds.
  path: Assets/Level2Assets/_DesertKits64_Sample/Prefabs/Desert_Obelisk_Stand.prefab
  artifactKey: Guid(09c2ce84a75b3324fb5c689e5ac6ce7e) Importer(815301076,1909f56bfc062723c751e8b465ee728b)
Start importing Assets/Level2Assets/_DesertKits64_Sample/Prefabs/Desert_Obelisk_Stand.prefab using Guid(09c2ce84a75b3324fb5c689e5ac6ce7e) Importer(815301076,1909f56bfc062723c751e8b465ee728b)  -> (artifact id: '933e8aefacb4c20c877a68b4c2eb6f53') in 0.015391 seconds 
========================================================================
Received Import Request.
  Time since last request: 0.000024 seconds.
  path: Assets/Level2Assets/_DesertKits64_Sample/Prefabs/StoneGroup_Medium.prefab
  artifactKey: Guid(6e659ebd79ad8c5408cd18c2a0e534eb) Importer(815301076,1909f56bfc062723c751e8b465ee728b)
Start importing Assets/Level2Assets/_DesertKits64_Sample/Prefabs/StoneGroup_Medium.prefab using Guid(6e659ebd79ad8c5408cd18c2a0e534eb) Importer(815301076,1909f56bfc062723c751e8b465ee728b)  -> (artifact id: '16cd7165ec6c56e5bb23ef8b0fbcb534') in 0.023723 seconds 
