Using pre-set license
Built from '2022.1/staging' branch; Version is '2022.1.20f1 (01d83b40d570) revision 120891'; Using compiler version '192829333'; Build Type 'Release'
OS: 'Windows 10  (10.0.19045) 64bit Core' Language: 'en' Physical Memory: 16228 MB
BatchMode: 1, IsHumanControllingUs: 0, StartBugReporterOnCrash: 0, Is64bit: 1, IsPro: 1

COMMAND LINE ARGUMENTS:
D:\2022.1.20f1\Editor\Unity.exe
-adb2
-batchMode
-noUpm
-name
AssetImportWorker2
-projectPath
D:/GameDesignProject2/GameDesignProject2
-logFile
Logs/AssetImportWorker2.log
-srvPort
61976
Successfully changed project path to: D:/GameDesignProject2/GameDesignProject2
D:/GameDesignProject2/GameDesignProject2
[UnityMemory] Configuration Parameters - Can be set up in boot.config
    "memorysetup-bucket-allocator-granularity=16"
    "memorysetup-bucket-allocator-bucket-count=8"
    "memorysetup-bucket-allocator-block-size=33554432"
    "memorysetup-bucket-allocator-block-count=8"
    "memorysetup-main-allocator-block-size=16777216"
    "memorysetup-thread-allocator-block-size=16777216"
    "memorysetup-gfx-main-allocator-block-size=16777216"
    "memorysetup-gfx-thread-allocator-block-size=16777216"
    "memorysetup-cache-allocator-block-size=4194304"
    "memorysetup-typetree-allocator-block-size=2097152"
    "memorysetup-profiler-bucket-allocator-granularity=16"
    "memorysetup-profiler-bucket-allocator-bucket-count=8"
    "memorysetup-profiler-bucket-allocator-block-size=33554432"
    "memorysetup-profiler-bucket-allocator-block-count=8"
    "memorysetup-profiler-allocator-block-size=16777216"
    "memorysetup-profiler-editor-allocator-block-size=1048576"
    "memorysetup-temp-allocator-size-main=16777216"
    "memorysetup-job-temp-allocator-block-size=2097152"
    "memorysetup-job-temp-allocator-block-size-background=1048576"
    "memorysetup-job-temp-allocator-reduction-small-platforms=262144"
    "memorysetup-temp-allocator-size-background-worker=32768"
    "memorysetup-temp-allocator-size-job-worker=262144"
    "memorysetup-temp-allocator-size-preload-manager=33554432"
    "memorysetup-temp-allocator-size-nav-mesh-worker=65536"
    "memorysetup-temp-allocator-size-audio-worker=65536"
    "memorysetup-temp-allocator-size-cloud-worker=32768"
    "memorysetup-temp-allocator-size-gi-baking-worker=262144"
    "memorysetup-temp-allocator-size-gfx=262144"
Refreshing native plugins compatible for Editor in 96.34 ms, found 3 plugins.
Preloading 0 native plugins for Editor in 0.00 ms.
Initialize engine version: 2022.1.20f1 (01d83b40d570)
[Subsystems] Discovering subsystems at path D:/2022.1.20f1/Editor/Data/Resources/UnitySubsystems
[Subsystems] Discovering subsystems at path D:/GameDesignProject2/GameDesignProject2/Assets
GfxDevice: creating device client; threaded=0; jobified=0
Direct3D:
    Version:  Direct3D 11.0 [level 11.1]
    Renderer: NVIDIA GeForce GTX 1060 3GB (ID=0x1c02)
    Vendor:   NVIDIA
    VRAM:     2979 MB
    Driver:   31.0.15.3118
Initialize mono
Mono path[0] = 'D:/2022.1.20f1/Editor/Data/Managed'
Mono path[1] = 'D:/2022.1.20f1/Editor/Data/MonoBleedingEdge/lib/mono/unityjit-win32'
Mono config path = 'D:/2022.1.20f1/Editor/Data/MonoBleedingEdge/etc'
Using monoOptions --debugger-agent=transport=dt_socket,embedding=1,server=y,suspend=n,address=127.0.0.1:56884
Begin MonoManager ReloadAssembly
Registering precompiled unity dll's ...
Register platform support module: D:/2022.1.20f1/Editor/Data/PlaybackEngines/WindowsStandaloneSupport/UnityEditor.WindowsStandalone.Extensions.dll
Registered in 0.002665 seconds.
Native extension for WindowsStandalone target not found
Refreshing native plugins compatible for Editor in 89.79 ms, found 3 plugins.
Preloading 0 native plugins for Editor in 0.00 ms.
Mono: successfully reloaded assembly
- Completed reload, in  0.762 seconds
Domain Reload Profiling:
	ReloadAssembly (763ms)
		BeginReloadAssembly (118ms)
			ExecutionOrderSort (0ms)
			DisableScriptedObjects (0ms)
			BackupInstance (0ms)
			ReleaseScriptingObjects (0ms)
			CreateAndSetChildDomain (1ms)
		EndReloadAssembly (536ms)
			LoadAssemblies (117ms)
			RebuildTransferFunctionScriptingTraits (0ms)
			SetupTypeCache (121ms)
				TypeCache.Initialize (121ms)
					TypeCache.ScanAssembly (119ms)
				ResolveRequiredComponents (0ms)
			ReleaseScriptCaches (0ms)
			RebuildScriptCaches (39ms)
			SetupLoadedEditorAssemblies (320ms)
				LogAssemblyErrors (0ms)
				InitializePlatformSupportModulesInManaged (6ms)
				SetLoadedEditorAssemblies (9ms)
				RefreshPlugins (90ms)
				BeforeProcessingInitializeOnLoad (2ms)
				ProcessInitializeOnLoadAttributes (156ms)
				ProcessInitializeOnLoadMethodAttributes (56ms)
				AfterProcessingInitializeOnLoad (0ms)
				EditorAssembliesLoaded (0ms)
			ExecutionOrderSort2 (0ms)
			AwakeInstancesAfterBackupRestoration (0ms)
Platform modules already initialized, skipping
Registering precompiled user dll's ...
Registered in 0.005734 seconds.
Begin MonoManager ReloadAssembly
Symbol file LoadedFromMemory doesn't match image D:\GameDesignProject2\GameDesignProject2\Library\PackageCache\com.unity.visualscripting@1.7.8\Editor\VisualScripting.Core\Dependencies\YamlDotNet\Unity.VisualScripting.YamlDotNet.dll
Symbol file LoadedFromMemory doesn't match image D:\GameDesignProject2\GameDesignProject2\Library\PackageCache\com.unity.visualscripting@1.7.8\Editor\VisualScripting.Core\Dependencies\DotNetZip\Unity.VisualScripting.IonicZip.dll
Native extension for WindowsStandalone target not found
Refreshing native plugins compatible for Editor in 0.66 ms, found 3 plugins.
Preloading 0 native plugins for Editor in 0.00 ms.
Mono: successfully reloaded assembly
- Completed reload, in  1.174 seconds
Domain Reload Profiling:
	ReloadAssembly (1175ms)
		BeginReloadAssembly (151ms)
			ExecutionOrderSort (0ms)
			DisableScriptedObjects (5ms)
			BackupInstance (0ms)
			ReleaseScriptingObjects (0ms)
			CreateAndSetChildDomain (19ms)
		EndReloadAssembly (921ms)
			LoadAssemblies (120ms)
			RebuildTransferFunctionScriptingTraits (0ms)
			SetupTypeCache (335ms)
				TypeCache.Initialize (329ms)
					TypeCache.ScanAssembly (325ms)
				ResolveRequiredComponents (6ms)
			ReleaseScriptCaches (1ms)
			RebuildScriptCaches (58ms)
			SetupLoadedEditorAssemblies (394ms)
				LogAssemblyErrors (0ms)
				InitializePlatformSupportModulesInManaged (4ms)
				SetLoadedEditorAssemblies (6ms)
				RefreshPlugins (1ms)
				BeforeProcessingInitializeOnLoad (79ms)
				ProcessInitializeOnLoadAttributes (273ms)
				ProcessInitializeOnLoadMethodAttributes (28ms)
				AfterProcessingInitializeOnLoad (2ms)
				EditorAssembliesLoaded (0ms)
			ExecutionOrderSort2 (0ms)
			AwakeInstancesAfterBackupRestoration (7ms)
Platform modules already initialized, skipping
========================================================================
Worker process is ready to serve import requests
Launched and connected shader compiler UnityShaderCompiler.exe after 0.07 seconds
Refreshing native plugins compatible for Editor in 0.88 ms, found 3 plugins.
Preloading 0 native plugins for Editor in 0.00 ms.
Unloading 3424 Unused Serialized files (Serialized files now loaded: 0)
Unloading 26 unused Assets / (58.9 KB). Loaded Objects now: 3901.
Memory consumption went from 0.53 GB to 0.53 GB.
Total: 4.535700 ms (FindLiveObjects: 0.364700 ms CreateObjectMapping: 0.355100 ms MarkObjects: 3.702600 ms  DeleteObjects: 0.112200 ms)

AssetImportParameters requested are different than current active one (requested -> active):
  custom:video-decoder-ogg-theora: a1e56fd34408186e4bbccfd4996cb3dc -> 
  custom:container-muxer-webm: aa71ff27fc2769a1b78a27578f13a17b -> 
  custom:container-demuxer-webm: 4f35f7cbe854078d1ac9338744f61a02 -> 
  custom:video-encoder-webm-vp8: eb34c28f22e8b96e1ab97ce403110664 -> 
  custom:audio-encoder-webm-vorbis: bf7c407c2cedff20999df2af8eb42d56 -> 
  custom:framework-win-MediaFoundation: 216162199b28c13a410421893ffa2e32 -> 
  custom:container-demuxer-ogg: 62fdf1f143b41e24485cea50d1cbac27 -> 
  custom:video-decoder-webm-vp8: 9c59270c3fd7afecdb556c50c9e8de78 -> 
  custom:audio-decoder-ogg-vorbis: bf7c407c2cedff20999df2af8eb42d56 -> 
========================================================================
Received Import Request.
  Time since last request: 297167.963370 seconds.
  path: Assets/Level2Assets/_DesertKits64_Sample/Prefabs/Block_Cube.prefab
  artifactKey: Guid(b324ebca6c0fde34a993f348c9a1c464) Importer(815301076,1909f56bfc062723c751e8b465ee728b)
Start importing Assets/Level2Assets/_DesertKits64_Sample/Prefabs/Block_Cube.prefab using Guid(b324ebca6c0fde34a993f348c9a1c464) Importer(815301076,1909f56bfc062723c751e8b465ee728b)  -> (artifact id: '83199e9f1277cb313510d9d75cbc49f4') in 0.129449 seconds 
========================================================================
Received Import Request.
  Time since last request: 0.000022 seconds.
  path: Assets/Level2Assets/_DesertKits64_Sample/Prefabs/Desert_Ram_Altar.prefab
  artifactKey: Guid(2d30eb97c479d1541be03182e7e4e990) Importer(815301076,1909f56bfc062723c751e8b465ee728b)
Start importing Assets/Level2Assets/_DesertKits64_Sample/Prefabs/Desert_Ram_Altar.prefab using Guid(2d30eb97c479d1541be03182e7e4e990) Importer(815301076,1909f56bfc062723c751e8b465ee728b)  -> (artifact id: 'b0838bdfa7ad5f3a8bcc8dfb380eb9b2') in 0.016781 seconds 
========================================================================
Received Import Request.
  Time since last request: 0.000027 seconds.
  path: Assets/Level2Assets/_DesertKits64_Sample/Prefabs/ColumnSquare_Small1.prefab
  artifactKey: Guid(3d609541b623cc24a85fcc89ee9fa9e6) Importer(815301076,1909f56bfc062723c751e8b465ee728b)
Start importing Assets/Level2Assets/_DesertKits64_Sample/Prefabs/ColumnSquare_Small1.prefab using Guid(3d609541b623cc24a85fcc89ee9fa9e6) Importer(815301076,1909f56bfc062723c751e8b465ee728b)  -> (artifact id: 'bfeb670ead750241e7652b1399b81b13') in 0.015265 seconds 
========================================================================
Received Import Request.
  Time since last request: 0.000019 seconds.
  path: Assets/Level2Assets/_DesertKits64_Sample/Prefabs/Desert_Column_Single.prefab
  artifactKey: Guid(ce2146ce387403f49849aab35d406dbd) Importer(815301076,1909f56bfc062723c751e8b465ee728b)
Start importing Assets/Level2Assets/_DesertKits64_Sample/Prefabs/Desert_Column_Single.prefab using Guid(ce2146ce387403f49849aab35d406dbd) Importer(815301076,1909f56bfc062723c751e8b465ee728b)  -> (artifact id: 'c5ea7ff0d9d7e8ddee4cc4c3fa85fc56') in 0.016017 seconds 
========================================================================
Received Import Request.
  Time since last request: 0.000023 seconds.
  path: Assets/Level2Assets/_DesertKits64_Sample/Prefabs/Desert_Temple_Entrance.prefab
  artifactKey: Guid(2f11a19ee587ed44ca4a72f6d3986f99) Importer(815301076,1909f56bfc062723c751e8b465ee728b)
Start importing Assets/Level2Assets/_DesertKits64_Sample/Prefabs/Desert_Temple_Entrance.prefab using Guid(2f11a19ee587ed44ca4a72f6d3986f99) Importer(815301076,1909f56bfc062723c751e8b465ee728b)  -> (artifact id: 'f8df53310a64d66c0f1c2fe95b3f2a7d') in 0.015841 seconds 
========================================================================
Received Import Request.
  Time since last request: 0.000018 seconds.
  path: Assets/Level2Assets/_DesertKits64_Sample/Prefabs/Desert_Slab.prefab
  artifactKey: Guid(e59189dc53391154ba8d5468f263e319) Importer(815301076,1909f56bfc062723c751e8b465ee728b)
Start importing Assets/Level2Assets/_DesertKits64_Sample/Prefabs/Desert_Slab.prefab using Guid(e59189dc53391154ba8d5468f263e319) Importer(815301076,1909f56bfc062723c751e8b465ee728b)  -> (artifact id: '4410f61547f5fdd4f31e1bdf7c6ee5a6') in 0.017791 seconds 
========================================================================
Received Import Request.
  Time since last request: 0.000026 seconds.
  path: Assets/Level2Assets/_DesertKits64_Sample/Prefabs/Pyramid_Thin_Tip.prefab
  artifactKey: Guid(ab440feedacbd0d40aaac5abd4acd8fd) Importer(815301076,1909f56bfc062723c751e8b465ee728b)
Start importing Assets/Level2Assets/_DesertKits64_Sample/Prefabs/Pyramid_Thin_Tip.prefab using Guid(ab440feedacbd0d40aaac5abd4acd8fd) Importer(815301076,1909f56bfc062723c751e8b465ee728b)  -> (artifact id: '259c3c48be421274dc59abe3292db352') in 0.019631 seconds 
========================================================================
Received Import Request.
  Time since last request: 8.435154 seconds.
  path: Assets/Scenes/LEVEL1_DC.unity
  artifactKey: Guid(9fc0d4010bbf28b4594072e72b8655ab) Importer(815301076,1909f56bfc062723c751e8b465ee728b)
Start importing Assets/Scenes/LEVEL1_DC.unity using Guid(9fc0d4010bbf28b4594072e72b8655ab) Importer(815301076,1909f56bfc062723c751e8b465ee728b)  -> (artifact id: '13d7414dcbecea8d2aa43d71cc380901') in 0.005126 seconds 
